<?xml version="1.0" encoding="UTF-8"?>
<!-- Generated by org.testng.reporters.JUnitXMLReporter -->
<testsuite hostname="decimal-DEC0730" ignored="0" name="Data Driven Testing" tests="3" failures="0" timestamp="14 Feb 2019 06:16:08 GMT" time="0.815" errors="0">
  <testcase name="opentext" time="0.014" classname="project1.NewTest"/>
  <testcase name="Datadrive" time="0.757" classname="project1.T1"/>
  <testcase name="Launch" time="0.002" classname="project1.WebLaunch"/>
</testsuite> <!-- Data Driven Testing -->
