<?xml version="1.0" encoding="UTF-8"?>
<testng-results skipped="0" failed="0" ignored="0" total="1" passed="1">
  <reporter-output>
  </reporter-output>
  <suite name="Suite 1" duration-ms="47" started-at="2019-02-06T06:52:14Z" finished-at="2019-02-06T06:52:14Z">
    <groups>
    </groups>
    <test name="Trial" duration-ms="47" started-at="2019-02-06T06:52:14Z" finished-at="2019-02-06T06:52:14Z">
      <class name="project1.NewTest">
        <test-method status="PASS" signature="opentext()[pri:0, instance:project1.NewTest@6f7fd0e6]" name="opentext" duration-ms="15" started-at="2019-02-06T06:52:14Z" finished-at="2019-02-06T06:52:14Z">
          <reporter-output>
          </reporter-output>
        </test-method> <!-- opentext -->
      </class> <!-- project1.NewTest -->
    </test> <!-- Trial -->
  </suite> <!-- Suite 1 -->
</testng-results>
