<?xml version="1.0" encoding="UTF-8"?>
<testng-results skipped="0" failed="0" ignored="0" total="3" passed="3">
  <reporter-output>
  </reporter-output>
  <suite name="Automation Demo" duration-ms="815" started-at="2019-02-14T06:16:07Z" finished-at="2019-02-14T06:16:08Z">
    <groups>
    </groups>
    <test name="Data Driven Testing" duration-ms="815" started-at="2019-02-14T06:16:07Z" finished-at="2019-02-14T06:16:08Z">
      <class name="project1.T1">
        <test-method status="PASS" signature="Datadrive()[pri:0, instance:project1.T1@490ab905]" name="Datadrive" duration-ms="757" started-at="2019-02-14T06:16:07Z" finished-at="2019-02-14T06:16:08Z">
          <reporter-output>
          </reporter-output>
        </test-method> <!-- Datadrive -->
      </class> <!-- project1.T1 -->
      <class name="project1.WebLaunch">
        <test-method status="PASS" signature="Launch()[pri:0, instance:project1.WebLaunch@56ac3a89]" name="Launch" duration-ms="2" started-at="2019-02-14T06:16:08Z" finished-at="2019-02-14T06:16:08Z">
          <reporter-output>
          </reporter-output>
        </test-method> <!-- Launch -->
      </class> <!-- project1.WebLaunch -->
      <class name="project1.NewTest">
        <test-method status="PASS" signature="opentext()[pri:0, instance:project1.NewTest@1e397ed7]" name="opentext" duration-ms="14" started-at="2019-02-14T06:16:07Z" finished-at="2019-02-14T06:16:07Z">
          <reporter-output>
          </reporter-output>
        </test-method> <!-- opentext -->
      </class> <!-- project1.NewTest -->
    </test> <!-- Data Driven Testing -->
  </suite> <!-- Automation Demo -->
</testng-results>
